<?xml version="1.0" encoding="UTF-8"?>
<!-- Generated by org.testng.reporters.JUnitXMLReporter -->
<testsuite ignored="2" hostname="LAPTOP-4B8P0SHF" failures="0" tests="1" name="Surefire test" time="0.238" errors="0" timestamp="2026-03-15T20:56:49 WIB">
  <testcase classname="com.juaracoding.oop.HRManagerTest" name="testUpdateGaji" time="0.035"/>
  <testcase classname="com.juaracoding.oop.HRManagerTest" name="testHitungGajiManager" time="0.0">
    <ignored/>
  </testcase> <!-- testHitungGajiManager -->
  <testcase classname="com.juaracoding.oop.HRManagerTest" name="testTambahKaryawanKeDivisi" time="0.0">
    <ignored/>
  </testcase> <!-- testTambahKaryawanKeDivisi -->
</testsuite> <!-- Surefire test -->
