<?xml version="1.0" encoding="UTF-8"?>
<testng-results ignored="0" total="1" passed="1" failed="0" skipped="0">
  <reporter-output>
  </reporter-output>
  <suite started-at="2026-03-15T20:56:49 WIB" name="Surefire suite" finished-at="2026-03-15T20:56:49 WIB" duration-ms="238">
    <groups>
    </groups>
    <test started-at="2026-03-15T20:56:49 WIB" name="Surefire test" finished-at="2026-03-15T20:56:49 WIB" duration-ms="238">
      <class name="com.juaracoding.oop.HRManagerTest">
        <test-method signature="testUpdateGaji()[pri:0, instance:com.juaracoding.oop.HRManagerTest@17c1bced]" started-at="2026-03-15T20:56:49 WIB" name="testUpdateGaji" finished-at="2026-03-15T20:56:49 WIB" duration-ms="35" status="PASS">
          <reporter-output>
          </reporter-output>
        </test-method> <!-- testUpdateGaji -->
      </class> <!-- com.juaracoding.oop.HRManagerTest -->
    </test> <!-- Surefire test -->
  </suite> <!-- Surefire suite -->
</testng-results>
