<?xml version="1.0" encoding="UTF-8"?>
<!-- Generated by org.testng.reporters.JUnitReportReporter -->
<testsuite hostname="LAPTOP-4B8P0SHF" failures="0" tests="5" name="com.juaracoding.oop.AuthTest" time="0.033" errors="0" timestamp="2026-03-13T19:45:44 WIB" skipped="0">
  <testcase classname="com.juaracoding.oop.AuthTest" name="testRegisterInvalid" time="0.003"/>
  <testcase classname="com.juaracoding.oop.AuthTest" name="testRegisterInvalid" time="0.002"/>
  <testcase classname="com.juaracoding.oop.AuthTest" name="testRegisterInvalid" time="0.013"/>
  <testcase classname="com.juaracoding.oop.AuthTest" name="testRegisterInvalid" time="0.009"/>
  <testcase classname="com.juaracoding.oop.AuthTest" name="testRegisterInvalid" time="0.006"/>
</testsuite> <!-- com.juaracoding.oop.AuthTest -->
